<?xml version="1.0" encoding="UTF-8"?>
<!-- Generated by org.testng.reporters.JUnitReportReporter -->
<testsuite skipped="0" hostname="master" name="com.lazerycode.selenium.tests.GoogleExampleIT" tests="2" failures="0" timestamp="27 Aug 2019 14:20:54 GMT" time="4.167" errors="0">
  <testcase name="googleMilkExample" time="1.226" classname="com.lazerycode.selenium.tests.GoogleExampleIT"/>
  <testcase name="googleCheeseExample" time="2.941" classname="com.lazerycode.selenium.tests.GoogleExampleIT"/>
</testsuite> <!-- com.lazerycode.selenium.tests.GoogleExampleIT -->
